{"/Users/RODMAC/code/testing-with-jest/src/index.js": {"path":"/Users/RODMAC/code/testing-with-jest/src/index.js","statementMap":{"0":{"start":{"line":10,"column":2},"end":{"line":11,"column":22}},"1":{"start":{"line":11,"column":4},"end":{"line":11,"column":22}},"2":{"start":{"line":13,"column":2},"end":{"line":15,"column":3}},"3":{"start":{"line":14,"column":4},"end":{"line":14,"column":18}},"4":{"start":{"line":17,"column":2},"end":{"line":17,"column":16}},"5":{"start":{"line":22,"column":2},"end":{"line":23,"column":22}},"6":{"start":{"line":23,"column":4},"end":{"line":23,"column":22}},"7":{"start":{"line":24,"column":2},"end":{"line":24,"column":13}}},"fnMap":{"0":{"name":"sum","decl":{"start":{"line":9,"column":16},"end":{"line":9,"column":19}},"loc":{"start":{"line":9,"column":26},"end":{"line":18,"column":1}},"line":9},"1":{"name":"numToPower3","decl":{"start":{"line":21,"column":16},"end":{"line":21,"column":27}},"loc":{"start":{"line":21,"column":30},"end":{"line":25,"column":1}},"line":21}},"branchMap":{"0":{"loc":{"start":{"line":10,"column":2},"end":{"line":11,"column":22}},"type":"if","locations":[{"start":{"line":10,"column":2},"end":{"line":11,"column":22}},{"start":{},"end":{}}],"line":10},"1":{"loc":{"start":{"line":10,"column":6},"end":{"line":10,"column":54}},"type":"binary-expr","locations":[{"start":{"line":10,"column":6},"end":{"line":10,"column":28}},{"start":{"line":10,"column":32},"end":{"line":10,"column":54}}],"line":10},"2":{"loc":{"start":{"line":13,"column":2},"end":{"line":15,"column":3}},"type":"if","locations":[{"start":{"line":13,"column":2},"end":{"line":15,"column":3}},{"start":{},"end":{}}],"line":13},"3":{"loc":{"start":{"line":22,"column":2},"end":{"line":23,"column":22}},"type":"if","locations":[{"start":{"line":22,"column":2},"end":{"line":23,"column":22}},{"start":{},"end":{}}],"line":22}},"s":{"0":3,"1":1,"2":2,"3":1,"4":1,"5":1,"6":0,"7":1},"f":{"0":3,"1":1},"b":{"0":[1,2],"1":[3,2],"2":[1,1],"3":[0,1]},"_coverageSchema":"1a1c01bbd47fc00a2c39e90264f33305004495a9","hash":"c50ee6764282c83d9dca12d3e17a09a7e7091e08"}
}
